21:14:42.379 [main] DEBUG org.apache.poi.openxml4j.opc.ZipPackage - Save core properties part
21:14:42.388 [main] DEBUG org.apache.poi.openxml4j.opc.ZipPackage - Save content types part
21:14:42.390 [main] DEBUG org.apache.poi.openxml4j.opc.ZipPackage - Save package relationships
21:14:42.392 [main] DEBUG org.apache.poi.openxml4j.opc.ZipPackage - Save part 'docProps/app.xml'
21:14:42.393 [main] DEBUG org.apache.poi.openxml4j.opc.ZipPackage - Save part 'docProps/core.xml'
21:14:42.394 [main] DEBUG org.apache.poi.openxml4j.opc.ZipPackage - Save part 'xl/sharedStrings.xml'
21:14:42.395 [main] DEBUG org.apache.poi.openxml4j.opc.ZipPackage - Save part 'xl/styles.xml'
21:14:42.396 [main] DEBUG org.apache.poi.openxml4j.opc.ZipPackage - Save part 'xl/workbook.xml'
21:14:42.397 [main] DEBUG org.apache.poi.openxml4j.opc.ZipPackage - Save part 'xl/worksheets/sheet1.xml'
21:14:42.398 [main] DEBUG org.apache.poi.openxml4j.opc.ZipPackage - Save content types part
21:14:42.399 [main] DEBUG org.apache.poi.openxml4j.opc.ZipPackage - Save package relationships
21:14:42.401 [main] DEBUG org.apache.poi.openxml4j.opc.ZipPackage - Save part 'docProps/app.xml'
21:14:42.402 [main] DEBUG org.apache.poi.openxml4j.opc.ZipPackage - Save part 'docProps/core.xml'
21:14:42.405 [main] DEBUG org.apache.poi.openxml4j.opc.ZipPackage - Save part 'xl/sharedStrings.xml'
21:14:42.405 [main] DEBUG org.apache.poi.openxml4j.opc.ZipPackage - Save part 'xl/styles.xml'
21:14:42.405 [main] DEBUG org.apache.poi.openxml4j.opc.ZipPackage - Save part 'xl/workbook.xml'
21:14:42.407 [main] DEBUG org.apache.poi.openxml4j.opc.ZipPackage - Save part 'xl/worksheets/sheet1.xml'
21:21:39.996 [main] INFO  factory.BaseClass - Navigated to Home Page
21:21:40.503 [main] INFO  factory.BaseClass - Trying to login in google
21:21:41.657 [main] INFO  factory.BaseClass - Entering invalid credentials
21:22:19.105 [main] INFO  factory.BaseClass - Navigated to Home Page
21:22:19.457 [main] INFO  factory.BaseClass - Trying to login in google
21:22:20.441 [main] INFO  factory.BaseClass - Entering invalid credentials
21:22:56.573 [main] INFO  factory.BaseClass - Navigated to Home Page
21:22:56.927 [main] INFO  factory.BaseClass - Trying to login in google
21:22:57.993 [main] INFO  factory.BaseClass - Entering invalid credentials
21:23:36.953 [main] INFO  factory.BaseClass - Navigated to ZigWheels
21:23:37.306 [main] INFO  factory.BaseClass - Navigated to NewBikes
21:23:39.018 [main] INFO  factory.BaseClass - Clicked on Upcoming bikes
21:23:40.143 [main] INFO  factory.BaseClass - Honda as manufacturer is selected 
21:23:45.904 [main] DEBUG org.apache.poi.openxml4j.opc.ZipPackage - Save core properties part
21:23:45.904 [main] DEBUG org.apache.poi.openxml4j.opc.ZipPackage - Save content types part
21:23:46.059 [main] DEBUG org.apache.poi.openxml4j.opc.ZipPackage - Save package relationships
21:23:46.066 [main] DEBUG org.apache.poi.openxml4j.opc.ZipPackage - Save part 'docProps/app.xml'
21:23:46.069 [main] DEBUG org.apache.poi.openxml4j.opc.ZipPackage - Save part 'docProps/core.xml'
21:23:46.081 [main] DEBUG org.apache.poi.openxml4j.opc.ZipPackage - Save part 'xl/sharedStrings.xml'
21:23:46.081 [main] DEBUG org.apache.poi.openxml4j.opc.ZipPackage - Save part 'xl/styles.xml'
21:23:46.082 [main] DEBUG org.apache.poi.openxml4j.opc.ZipPackage - Save part 'xl/workbook.xml'
21:23:46.083 [main] DEBUG org.apache.poi.openxml4j.opc.ZipPackage - Save part 'xl/worksheets/sheet1.xml'
21:23:46.102 [main] DEBUG org.apache.poi.openxml4j.opc.ZipPackage - Save content types part
21:23:46.106 [main] DEBUG org.apache.poi.openxml4j.opc.ZipPackage - Save package relationships
21:23:46.108 [main] DEBUG org.apache.poi.openxml4j.opc.ZipPackage - Save part 'docProps/app.xml'
21:23:46.108 [main] DEBUG org.apache.poi.openxml4j.opc.ZipPackage - Save part 'docProps/core.xml'
21:23:46.110 [main] DEBUG org.apache.poi.openxml4j.opc.ZipPackage - Save part 'xl/sharedStrings.xml'
21:23:46.110 [main] DEBUG org.apache.poi.openxml4j.opc.ZipPackage - Save part 'xl/styles.xml'
21:23:46.110 [main] DEBUG org.apache.poi.openxml4j.opc.ZipPackage - Save part 'xl/workbook.xml'
21:23:46.112 [main] DEBUG org.apache.poi.openxml4j.opc.ZipPackage - Save part 'xl/worksheets/sheet1.xml'
21:24:20.353 [main] INFO  factory.BaseClass - Navigated to ZigWheels
21:24:25.026 [main] DEBUG org.apache.poi.openxml4j.opc.ZipPackage - Save core properties part
21:24:25.027 [main] DEBUG org.apache.poi.openxml4j.opc.ZipPackage - Save content types part
21:24:25.028 [main] DEBUG org.apache.poi.openxml4j.opc.ZipPackage - Save package relationships
21:24:25.029 [main] DEBUG org.apache.poi.openxml4j.opc.ZipPackage - Save part 'docProps/app.xml'
21:24:25.030 [main] DEBUG org.apache.poi.openxml4j.opc.ZipPackage - Save part 'docProps/core.xml'
21:24:25.031 [main] DEBUG org.apache.poi.openxml4j.opc.ZipPackage - Save part 'xl/sharedStrings.xml'
21:24:25.031 [main] DEBUG org.apache.poi.openxml4j.opc.ZipPackage - Save part 'xl/styles.xml'
